<?xml version="1.0" encoding="UTF-8"?>
<!-- Generated by org.testng.reporters.JUnitReportReporter -->
<testsuite hostname="Rusty" failures="0" tests="1" name="PS1" time="0.013" errors="0" timestamp="2024-11-25T08:37:09 EST" skipped="0">
  <testcase classname="PS1" name="testRun" time="0.013"/>
  <system-out/>
</testsuite> <!-- PS1 -->
