<?xml version="1.0" encoding="UTF-8"?>
<!-- Generated by org.testng.reporters.JUnitReportReporter -->
<testsuite hostname="Rusty" failures="0" tests="1" name="rahulshettyacademy.tests.SubmitOrderTest" time="16.440" errors="0" timestamp="2025-04-17T08:04:32 EDT" skipped="0">
  <testcase classname="rahulshettyacademy.tests.SubmitOrderTest" name="submitOrder" time="16.440"/>
</testsuite> <!-- rahulshettyacademy.tests.SubmitOrderTest -->
