<?xml version="1.0" encoding="UTF-8"?>
<!-- Generated by org.testng.reporters.JUnitReportReporter -->
<testsuite hostname="Rusty" failures="0" tests="1" name="rahulshettyacademy.tests.SubmitOrderTest" time="12.405" errors="0" timestamp="2025-04-28T07:53:23 EDT" skipped="0">
  <testcase classname="rahulshettyacademy.tests.SubmitOrderTest" name="submitOrder" time="12.405"/>
</testsuite> <!-- rahulshettyacademy.tests.SubmitOrderTest -->
