<?xml version="1.0" encoding="UTF-8"?>
<!-- Generated by org.testng.reporters.JUnitReportReporter -->
<testsuite hostname="Rusty" failures="0" tests="2" name="rahulshettyacademy.tests.SubmitOrderTest" time="17.111" errors="0" timestamp="2025-05-19T08:25:28 EDT" skipped="0">
  <testcase classname="rahulshettyacademy.tests.SubmitOrderTest" name="submitOrder" time="11.122"/>
  <testcase classname="rahulshettyacademy.tests.SubmitOrderTest" name="OrderHistoryTest" time="5.989"/>
</testsuite> <!-- rahulshettyacademy.tests.SubmitOrderTest -->
