<?xml version="1.0" encoding="UTF-8"?>
<!-- Generated by org.testng.reporters.JUnitReportReporter -->
<testsuite hostname="Rusty" failures="0" tests="2" name="test.Day4" time="0.007" errors="0" timestamp="2024-11-18T07:57:28 EST" skipped="0">
  <testcase classname="test.Day4" name="LoginAPIHomeLoan" time="0.003"/>
  <system-out/>
  <testcase classname="test.Day4" name="WebLoginHomeLoan" time="0.004"/>
  <system-out/>
</testsuite> <!-- test.Day4 -->
