<?xml version="1.0" encoding="UTF-8"?>
<!-- Generated by org.testng.reporters.JUnitReportReporter -->
<testsuite hostname="Rusty" failures="0" tests="4" name="test.Day3" time="0.019" errors="0" timestamp="2024-11-16T11:26:27 EST" skipped="0">
  <testcase classname="test.Day3" name="MobileSignInCarLoan" time="0.007"/>
  <system-out/>
  <testcase classname="test.Day3" name="MobileSignOutCarLoan" time="0.004"/>
  <system-out/>
  <testcase classname="test.Day3" name="WebLoginCarLoan" time="0.003"/>
  <system-out/>
  <testcase classname="test.Day3" name="MobileLoginCarLoan" time="0.005"/>
  <system-out/>
</testsuite> <!-- test.Day3 -->
