<?xml version="1.0" encoding="UTF-8"?>
<!-- Generated by org.testng.reporters.JUnitReportReporter -->
<testsuite hostname="Rusty" failures="0" tests="1" name="test.Day2" time="0.009" errors="0" timestamp="2024-11-21T08:16:54 EST" skipped="0">
  <testcase classname="test.Day2" name="ploan" time="0.009"/>
  <system-out/>
</testsuite> <!-- test.Day2 -->
