<?xml version="1.0" encoding="UTF-8"?>
<!-- Generated by org.testng.reporters.JUnitReportReporter -->
<testsuite hostname="Rusty" failures="0" tests="5" name="test.Day3" time="0.018" errors="0" timestamp="2024-11-18T08:06:06 EST" skipped="1">
  <testcase classname="test.Day3" name="APICarLoan" time="0.005"/>
  <system-out/>
  <testcase classname="test.Day3" name="MobileSignOutCarLoan" time="0.006"/>
  <system-out/>
  <testcase classname="test.Day3" name="WebLoginCarLoan" time="0.003"/>
  <system-out/>
  <testcase classname="test.Day3" name="MobileLoginCarLoan" time="0.004"/>
  <system-out/>
  <testcase classname="test.Day3" name="MobileSignInCarLoan">
    <skipped/>
  </testcase> <!-- MobileSignInCarLoan -->
  <system-out/>
</testsuite> <!-- test.Day3 -->
