<?xml version="1.0" encoding="UTF-8"?>
<!-- Generated by org.testng.reporters.JUnitReportReporter -->
<testsuite hostname="Rusty" failures="0" tests="5" name="test.Day3" time="0.009" errors="0" timestamp="2024-11-16T11:06:44 EST" skipped="0">
  <testcase classname="test.Day3" name="WebLoginCarLoan" time="0.001"/>
  <system-out/>
  <testcase classname="test.Day3" name="MobileLoginCarLoan" time="0.003"/>
  <system-out/>
  <testcase classname="test.Day3" name="MobileSignOutCarLoan" time="0.001"/>
  <system-out/>
  <testcase classname="test.Day3" name="APICarLoan" time="0.001"/>
  <system-out/>
  <testcase classname="test.Day3" name="MobileSignInCarLoan" time="0.003"/>
  <system-out/>
</testsuite> <!-- test.Day3 -->
