<?xml version="1.0" encoding="UTF-8"?>
<!-- Generated by org.testng.reporters.JUnitReportReporter -->
<testsuite hostname="Rusty" failures="0" tests="4" name="test.Day3" time="0.021" errors="0" timestamp="2024-11-18T09:04:06 EST" skipped="1">
  <testcase classname="test.Day3" name="MobileLoginCarLoan" time="0.007"/>
  <system-out/>
  <testcase classname="test.Day3" name="MobileSignOutCarLoan" time="0.011"/>
  <system-out/>
  <testcase classname="test.Day3" name="WebLoginCarLoan" time="0.003"/>
  <system-out/>
  <testcase classname="test.Day3" name="MobileSignInCarLoan">
    <skipped/>
  </testcase> <!-- MobileSignInCarLoan -->
  <system-out/>
</testsuite> <!-- test.Day3 -->
