<?xml version="1.0" encoding="UTF-8"?>
<!-- Generated by org.testng.reporters.JUnitReportReporter -->
<testsuite hostname="Rusty" failures="0" tests="3" name="test.Day3" time="0.005" errors="0" timestamp="2024-11-16T10:03:08 EST" skipped="0">
  <testcase classname="test.Day3" name="WebLoginCarLoan" time="0.002"/>
  <system-out/>
  <testcase classname="test.Day3" name="LoginAPICarLoan" time="0.002"/>
  <system-out/>
  <testcase classname="test.Day3" name="MobileLoginCarLoan" time="0.001"/>
  <system-out/>
</testsuite> <!-- test.Day3 -->
