<?xml version="1.0" encoding="UTF-8"?>
<!-- Generated by org.testng.reporters.JUnitReportReporter -->
<testsuite hostname="Rusty" failures="0" tests="1" name="test.Day4" time="0.002" errors="0" timestamp="2024-11-18T07:53:18 EST" skipped="0">
  <testcase classname="test.Day4" name="MobileLoginHomeLoan" time="0.002"/>
  <system-out/>
</testsuite> <!-- test.Day4 -->
