<?xml version="1.0" encoding="UTF-8"?>
<!-- Generated by org.testng.reporters.JUnitReportReporter -->
<testsuite hostname="Rusty" failures="0" tests="2" name="test.Day1" time="0.011" errors="0" timestamp="2024-11-18T07:57:28 EST" skipped="0">
  <testcase classname="test.Day1" name="Demo" time="0.009"/>
  <system-out/>
  <testcase classname="test.Day1" name="SecondTest" time="0.002"/>
  <system-out/>
</testsuite> <!-- test.Day1 -->
