<?xml version="1.0" encoding="UTF-8"?>
<!-- Generated by org.testng.reporters.JUnitReportReporter -->
<testsuite hostname="Rusty" failures="0" tests="2" name="test.Day1" time="0.009" errors="0" timestamp="2024-11-16T10:03:08 EST" skipped="0">
  <testcase classname="test.Day1" name="Demo" time="0.008"/>
  <system-out/>
  <testcase classname="test.Day1" name="SecondTest" time="0.001"/>
  <system-out/>
</testsuite> <!-- test.Day1 -->
