<?xml version="1.0" encoding="UTF-8"?>
<!-- Generated by org.testng.reporters.JUnitReportReporter -->
<testsuite hostname="Rusty" failures="0" tests="1" name="rahulshettyacademy.ExtentReports.ExtentReportDemo" time="6.712" errors="0" timestamp="2025-06-21T07:48:43 EDT" skipped="0">
  <testcase classname="rahulshettyacademy.ExtentReports.ExtentReportDemo" name="initialDemo" time="6.712"/>
</testsuite> <!-- rahulshettyacademy.ExtentReports.ExtentReportDemo -->
